<?xml version="1.0" encoding="UTF-8"?>
<!-- Generated by org.testng.reporters.JUnitReportReporter -->
<testsuite hostname="QT-INBG-LT" failures="0" tests="1" name="MyNewProjectAPI.TwitterAPI.CreateANewTweet" time="5.055" errors="0" timestamp="2021-04-07T15:38:06 IST" skipped="0">
  <testcase classname="MyNewProjectAPI.TwitterAPI.CreateANewTweet" name="Post" time="5.055"/>
  <system-out/>
</testsuite> <!-- MyNewProjectAPI.TwitterAPI.CreateANewTweet -->
