<?xml version="1.0" encoding="UTF-8"?>
<!-- Generated by org.testng.reporters.JUnitReportReporter -->
<testsuite hostname="QT-INBG-LT" failures="0" tests="1" name="MyNewProjectAPI.TwitterAPI.WeatherUpdate" time="6.202" errors="0" timestamp="2021-04-07T11:34:04 IST" skipped="0">
  <testcase classname="MyNewProjectAPI.TwitterAPI.WeatherUpdate" name="WeatherUpdate" time="6.202"/>
  <system-out/>
</testsuite> <!-- MyNewProjectAPI.TwitterAPI.WeatherUpdate -->
