<?xml version="1.0" encoding="UTF-8"?>
<!-- Generated by org.testng.reporters.JUnitReportReporter -->
<testsuite hostname="QT-INBG-LT" failures="0" tests="1" name="MyNewProjectAPI.TwitterAPI.ListAllTheUsers" time="13.961" errors="0" timestamp="2021-04-08T11:25:31 IST" skipped="0">
  <testcase classname="MyNewProjectAPI.TwitterAPI.ListAllTheUsers" name="ListUsers" time="13.961"/>
  <system-out/>
</testsuite> <!-- MyNewProjectAPI.TwitterAPI.ListAllTheUsers -->
