<?xml version="1.0" encoding="UTF-8"?>
<!-- Generated by org.testng.reporters.JUnitReportReporter -->
<testsuite hostname="QT-INBG-LT" failures="0" tests="1" name="MyNewProjectAPI.TwitterAPI.FiveListAllTheUsers" time="5.228" errors="0" timestamp="2021-04-08T11:33:44 IST" skipped="0">
  <testcase classname="MyNewProjectAPI.TwitterAPI.FiveListAllTheUsers" name="ListUsers" time="5.228"/>
  <system-out/>
</testsuite> <!-- MyNewProjectAPI.TwitterAPI.FiveListAllTheUsers -->
