<?xml version="1.0" encoding="UTF-8"?>
<!-- Generated by org.testng.reporters.JUnitReportReporter -->
<testsuite hostname="QT-INBG-LT" failures="0" tests="4" name="MyNewProjectAPI.TwitterAPI.Trending" time="6.019" errors="0" timestamp="2021-04-08T11:17:11 IST" skipped="0">
  <testcase classname="MyNewProjectAPI.TwitterAPI.Trending" name="Post" time="0.527"/>
  <system-out/>
  <testcase classname="MyNewProjectAPI.TwitterAPI.Trending" name="Post" time="4.501"/>
  <system-out/>
  <testcase classname="MyNewProjectAPI.TwitterAPI.Trending" name="Post" time="0.494"/>
  <system-out/>
  <testcase classname="MyNewProjectAPI.TwitterAPI.Trending" name="Post" time="0.497"/>
  <system-out/>
</testsuite> <!-- MyNewProjectAPI.TwitterAPI.Trending -->
