<?xml version="1.0" encoding="UTF-8"?>
<!-- Generated by org.testng.reporters.JUnitReportReporter -->
<testsuite hostname="QT-INBG-LT" failures="0" tests="1" name="MyNewProjectAPI.TwitterAPI.Block" time="4.100" errors="0" timestamp="2021-04-08T11:06:35 IST" skipped="0">
  <testcase classname="MyNewProjectAPI.TwitterAPI.Block" name="block_user" time="4.100"/>
  <system-out/>
</testsuite> <!-- MyNewProjectAPI.TwitterAPI.Block -->
