<?xml version="1.0" encoding="UTF-8"?>
<!-- Generated by org.testng.reporters.JUnitReportReporter -->
<testsuite hostname="QT-INBG-LT" failures="0" tests="1" name="MyNewProjectAPI.TwitterAPI.SearchTweet" time="4.334" errors="0" timestamp="2021-04-06T12:52:37 IST" skipped="0">
  <testcase classname="MyNewProjectAPI.TwitterAPI.SearchTweet" name="SearchTweet" time="4.334"/>
  <system-out/>
</testsuite> <!-- MyNewProjectAPI.TwitterAPI.SearchTweet -->
